2026-02-27 13:07:34,443 - INFO - Pipeline started!
2026-02-27 13:07:34,443 - INFO - Current Working Directory: /home/hrmneffdii/Desktop/ramadhan-data-pipeline
2026-02-27 13:07:34,443 - INFO - Running in scheduled mode
2026-02-27 13:07:34,444 - INFO - Starting data extraction from Google Trends...
2026-02-27 13:07:36,137 - INFO - Raw data saved to /home/hrmneffdii/Desktop/ramadhan-data-pipeline/data/raw/trends_raw.csv
2026-02-27 13:07:36,137 - INFO - Step 1: Extract completed!
2026-02-27 13:07:36,171 - INFO - Processed data saved to /home/hrmneffdii/Desktop/ramadhan-data-pipeline/data/processed/trends_processed.csv
2026-02-27 13:07:36,171 - INFO - Step 2: Transform completed!
2026-02-27 13:07:36,216 - INFO - Step 3: Validate data completed!
2026-02-27 13:07:36,246 - INFO - Step 4: Load completed!
2026-02-27 13:07:36,304 - ERROR - Pipeline failed: Execution failed
2026-02-27 13:10:59,490 - INFO - Pipeline started!
2026-02-27 13:10:59,490 - INFO - Current Working Directory: /home/hrmneffdii/Desktop/ramadhan-data-pipeline
2026-02-27 13:10:59,490 - INFO - Running in scheduled mode
2026-02-27 13:10:59,490 - INFO - Starting data extraction from Google Trends...
2026-02-27 13:11:01,513 - INFO - Raw data saved to /home/hrmneffdii/Desktop/ramadhan-data-pipeline/data/raw/trends_raw.csv
2026-02-27 13:11:01,514 - INFO - Step 1: Extract completed!
2026-02-27 13:11:01,534 - INFO - Processed data saved to /home/hrmneffdii/Desktop/ramadhan-data-pipeline/data/processed/trends_processed.csv
2026-02-27 13:11:01,534 - INFO - Step 2: Transform completed!
2026-02-27 13:11:01,572 - INFO - Step 3: Validate data completed!
2026-02-27 13:11:01,594 - INFO - Step 4: Load completed!
2026-02-27 13:11:01,595 - INFO - Step 5: Modeling doesn't needed!
2026-02-27 13:11:01,595 - INFO - Pipeline finished successfully!
2026-02-27 13:11:01,603 - INFO - Time : 2.11 s
2026-02-27 13:13:00,521 - INFO - Pipeline started!
2026-02-27 13:13:00,521 - INFO - Current Working Directory: /home/hrmneffdii/Desktop/ramadhan-data-pipeline
2026-02-27 13:13:00,521 - INFO - Running in scheduled mode
2026-02-27 13:13:00,521 - INFO - Starting data extraction from Google Trends...
2026-02-27 13:13:02,466 - INFO - Raw data saved to /home/hrmneffdii/Desktop/ramadhan-data-pipeline/data/raw/trends_raw.csv
2026-02-27 13:13:02,466 - INFO - Step 1: Extract completed!
2026-02-27 13:13:02,491 - INFO - Processed data saved to /home/hrmneffdii/Desktop/ramadhan-data-pipeline/data/processed/trends_processed.csv
2026-02-27 13:13:02,491 - INFO - Step 2: Transform completed!
2026-02-27 13:13:02,562 - INFO - Step 3: Validate data completed!
2026-02-27 13:13:02,586 - INFO - Step 4: Load completed!
2026-02-27 13:13:02,652 - INFO - Step 5: Modeling completed!
2026-02-27 13:13:02,652 - INFO - Pipeline finished successfully!
2026-02-27 13:13:02,661 - INFO - Time : 2.14 s
2026-02-27 13:14:26,262 - INFO - Pipeline started!
2026-02-27 13:14:26,262 - INFO - Current Working Directory: /home/hrmneffdii/Desktop/ramadhan-data-pipeline
2026-02-27 13:14:26,262 - INFO - Running in scheduled mode
2026-02-27 13:14:26,262 - INFO - Starting data extraction from Google Trends...
2026-02-27 13:14:27,609 - INFO - Raw data saved to /home/hrmneffdii/Desktop/ramadhan-data-pipeline/data/raw/trends_raw.csv
2026-02-27 13:14:27,610 - INFO - Step 1: Extract completed!
2026-02-27 13:14:27,635 - INFO - Processed data saved to /home/hrmneffdii/Desktop/ramadhan-data-pipeline/data/processed/trends_processed.csv
2026-02-27 13:14:27,635 - INFO - Step 2: Transform completed!
2026-02-27 13:14:27,664 - INFO - Step 3: Validate data completed!
2026-02-27 13:14:27,672 - INFO - Step 4: Load completed!
2026-02-27 13:14:27,672 - INFO - Step 5: Modeling doesn't needed!
2026-02-27 13:14:27,672 - INFO - Pipeline finished successfully!
2026-02-27 13:14:27,679 - INFO - Time : 1.42 s
2026-02-27 13:15:32,152 - INFO - Pipeline started!
2026-02-27 13:15:32,152 - INFO - Current Working Directory: /home/hrmneffdii/Desktop/ramadhan-data-pipeline
2026-02-27 13:15:32,153 - INFO - Running in scheduled mode
2026-02-27 13:15:32,153 - INFO - Starting data extraction from Google Trends...
2026-02-27 13:15:33,636 - INFO - Raw data saved to /home/hrmneffdii/Desktop/ramadhan-data-pipeline/data/raw/trends_raw.csv
2026-02-27 13:15:33,637 - INFO - Step 1: Extract completed!
2026-02-27 13:15:33,674 - INFO - Processed data saved to /home/hrmneffdii/Desktop/ramadhan-data-pipeline/data/processed/trends_processed.csv
2026-02-27 13:15:33,674 - INFO - Step 2: Transform completed!
2026-02-27 13:15:33,715 - INFO - Step 3: Validate data completed!
2026-02-27 13:15:33,735 - INFO - Step 4: Load completed!
2026-02-27 13:15:33,736 - INFO - Step 5: Modeling doesn't needed!
2026-02-27 13:15:33,736 - INFO - Pipeline finished successfully!
2026-02-27 13:15:33,747 - INFO - Time : 1.59 s
2026-02-27 13:16:17,741 - INFO - Pipeline started!
2026-02-27 13:16:17,741 - INFO - Current Working Directory: /home/hrmneffdii/Desktop/ramadhan-data-pipeline
2026-02-27 13:16:17,742 - INFO - Running in scheduled mode
2026-02-27 13:16:17,742 - INFO - Starting data extraction from Google Trends...
2026-02-27 13:16:20,015 - INFO - Raw data saved to /home/hrmneffdii/Desktop/ramadhan-data-pipeline/data/raw/trends_raw.csv
2026-02-27 13:16:20,015 - INFO - Step 1: Extract completed!
2026-02-27 13:16:20,048 - INFO - Processed data saved to /home/hrmneffdii/Desktop/ramadhan-data-pipeline/data/processed/trends_processed.csv
2026-02-27 13:16:20,049 - INFO - Step 2: Transform completed!
2026-02-27 13:16:20,107 - INFO - Step 3: Validate data completed!
2026-02-27 13:16:20,138 - INFO - Step 4: Load completed!
2026-02-27 13:16:20,268 - INFO - Step 5: Modeling completed!
2026-02-27 13:16:20,269 - INFO - Pipeline finished successfully!
2026-02-27 13:16:20,282 - INFO - Time : 2.54 s
2026-02-27 13:19:32,699 - INFO - Rows deleted with run full rebuild 0
2026-02-27 13:19:32,700 - INFO - Pipeline started!
2026-02-27 13:19:32,700 - INFO - Current Working Directory: /home/hrmneffdii/Desktop/ramadhan-data-pipeline
2026-02-27 13:19:32,700 - INFO - Running in scheduled mode
2026-02-27 13:19:32,700 - INFO - Starting data extraction from Google Trends...
2026-02-27 13:19:34,559 - INFO - Raw data saved to /home/hrmneffdii/Desktop/ramadhan-data-pipeline/data/raw/trends_raw.csv
2026-02-27 13:19:34,559 - INFO - Step 1: Extract completed!
2026-02-27 13:19:34,585 - INFO - Processed data saved to /home/hrmneffdii/Desktop/ramadhan-data-pipeline/data/processed/trends_processed.csv
2026-02-27 13:19:34,586 - INFO - Step 2: Transform completed!
2026-02-27 13:19:34,640 - INFO - Step 3: Validate data completed!
2026-02-27 13:19:34,666 - INFO - Step 4: Load completed!
2026-02-27 13:19:34,779 - INFO - Step 5: Modeling completed!
2026-02-27 13:19:34,780 - INFO - Pipeline finished successfully!
2026-02-27 13:19:34,798 - INFO - Time : 2.10 s
2026-02-27 13:20:04,172 - INFO - Rows deleted with run full rebuild 40
2026-02-27 13:20:04,172 - INFO - Pipeline started!
2026-02-27 13:20:04,172 - INFO - Current Working Directory: /home/hrmneffdii/Desktop/ramadhan-data-pipeline
2026-02-27 13:20:04,172 - INFO - Running in scheduled mode
2026-02-27 13:20:04,172 - INFO - Starting data extraction from Google Trends...
2026-02-27 13:20:05,249 - INFO - Raw data saved to /home/hrmneffdii/Desktop/ramadhan-data-pipeline/data/raw/trends_raw.csv
2026-02-27 13:20:05,249 - INFO - Step 1: Extract completed!
2026-02-27 13:20:05,254 - INFO - Processed data saved to /home/hrmneffdii/Desktop/ramadhan-data-pipeline/data/processed/trends_processed.csv
2026-02-27 13:20:05,254 - INFO - Step 2: Transform completed!
2026-02-27 13:20:05,270 - INFO - Step 3: Validate data completed!
2026-02-27 13:20:05,276 - INFO - Step 4: Load completed!
2026-02-27 13:20:05,276 - INFO - Step 5: Modeling doesn't needed!
2026-02-27 13:20:05,277 - INFO - Pipeline finished successfully!
2026-02-27 13:20:05,282 - INFO - Time : 1.11 s
